2025-09-23 10:54:44 INFO  Log:25 - =====================================login test TEST START=========================================
2025-09-23 10:54:45 INFO  Log:36 - User going to clic on sign in
2025-09-23 10:54:46 INFO  Log:36 - User enters credentials
2025-09-23 10:54:48 INFO  Log:36 - Very=ify either user able to login
2025-09-23 10:54:48 INFO  Log:36 - login success
2025-09-23 10:54:48 INFO  Log:36 - Logintest
2025-09-23 10:56:47 INFO  Log:25 - =====================================login test TEST START=========================================
2025-09-23 10:56:47 INFO  Log:36 - User going to clic on sign in
2025-09-23 10:56:49 INFO  Log:36 - User enters credentials
2025-09-23 10:56:50 INFO  Log:36 - Verify either user able to login
2025-09-23 10:56:50 INFO  Log:36 - login success
2025-09-23 10:56:50 INFO  Log:29 - =====================================Logintest TEST END=========================================
2025-09-23 12:44:12 INFO  Log:25 - =====================================login test TEST START=========================================
2025-09-23 12:44:12 INFO  Log:36 - User going to clic on sign in
2025-09-23 12:46:48 INFO  Log:25 - =====================================login test TEST START=========================================
2025-09-23 12:46:48 INFO  Log:36 - User going to clic on sign in
2025-09-23 12:46:49 INFO  Log:36 - User enters credentials
2025-09-23 12:46:50 INFO  Log:36 - Verify either user able to login
2025-09-23 12:48:26 INFO  Log:25 - =====================================login test TEST START=========================================
2025-09-23 12:48:26 INFO  Log:36 - User going to clic on sign in
2025-09-23 12:48:27 INFO  Log:36 - User enters credentials
2025-09-23 12:48:28 INFO  Log:36 - Verify either user able to login
2025-09-23 12:48:37 INFO  Log:25 - =====================================login test TEST START=========================================
2025-09-23 12:48:37 INFO  Log:36 - User going to clic on sign in
2025-09-23 12:48:38 INFO  Log:36 - User enters credentials
2025-09-23 12:48:39 INFO  Log:36 - Verify either user able to login
2025-09-23 12:49:54 INFO  Log:25 - =====================================login test TEST START=========================================
2025-09-23 12:49:54 INFO  Log:36 - User going to clic on sign in
2025-09-23 12:49:55 INFO  Log:36 - User enters credentials
2025-09-23 12:49:56 INFO  Log:36 - Verify either user able to login
2025-09-23 12:50:05 INFO  Log:25 - =====================================login test TEST START=========================================
2025-09-23 12:50:06 INFO  Log:36 - User going to clic on sign in
2025-09-23 12:50:07 INFO  Log:36 - User enters credentials
2025-09-23 12:50:09 INFO  Log:36 - Verify either user able to login
2025-09-23 12:50:09 INFO  Log:36 - login success
2025-09-23 12:50:09 INFO  Log:29 - =====================================Logintest TEST END=========================================
2025-09-23 12:51:32 INFO  Log:25 - =====================================login test TEST START=========================================
2025-09-23 12:51:32 INFO  Log:36 - User going to clic on sign in
2025-09-23 12:51:34 INFO  Log:36 - User enters credentials
2025-09-23 12:51:35 INFO  Log:36 - Verify either user able to login
2025-09-23 12:51:44 INFO  Log:25 - =====================================login test TEST START=========================================
2025-09-23 12:51:44 INFO  Log:36 - User going to clic on sign in
2025-09-23 12:51:45 INFO  Log:36 - User enters credentials
2025-09-23 12:51:47 INFO  Log:36 - Verify either user able to login
2025-09-23 12:51:47 INFO  Log:36 - login success
2025-09-23 12:51:47 INFO  Log:29 - =====================================Logintest TEST END=========================================
2025-09-23 12:59:10 INFO  Log:25 - =====================================login test TEST START=========================================
2025-09-23 12:59:10 INFO  Log:36 - User going to clic on sign in
2025-09-23 12:59:12 INFO  Log:36 - User enters credentials
2025-09-23 12:59:13 INFO  Log:36 - Verify either user able to login
2025-09-23 12:59:22 INFO  Log:25 - =====================================login test TEST START=========================================
2025-09-23 12:59:22 INFO  Log:36 - User going to clic on sign in
2025-09-23 12:59:24 INFO  Log:36 - User enters credentials
2025-09-23 12:59:26 INFO  Log:36 - Verify either user able to login
2025-09-23 12:59:26 INFO  Log:36 - login success
2025-09-23 12:59:26 INFO  Log:29 - =====================================Logintest TEST END=========================================
2025-09-23 13:34:07 INFO  Log:25 - =====================================login test TEST START=========================================
2025-09-23 13:34:07 INFO  Log:36 - User going to clic on sign in
2025-09-23 13:34:08 INFO  Log:36 - User enters credentials
2025-09-23 13:34:09 INFO  Log:36 - Verify either user able to login
2025-09-23 13:34:18 INFO  Log:25 - =====================================login test TEST START=========================================
2025-09-23 13:34:18 INFO  Log:36 - User going to clic on sign in
2025-09-23 13:34:19 INFO  Log:36 - User enters credentials
2025-09-23 13:34:21 INFO  Log:36 - Verify either user able to login
2025-09-23 13:34:21 INFO  Log:36 - login success
2025-09-23 13:34:21 INFO  Log:29 - =====================================Logintest TEST END=========================================
2025-09-23 13:41:41 INFO  Log:25 - =====================================login test TEST START=========================================
2025-09-23 13:41:41 INFO  Log:36 - User going to clic on sign in
2025-09-23 13:41:42 INFO  Log:36 - User enters credentials
2025-09-23 13:41:43 INFO  Log:36 - Verify either user able to login
2025-09-23 13:41:52 INFO  Log:25 - =====================================login test TEST START=========================================
2025-09-23 13:41:52 INFO  Log:36 - User going to clic on sign in
2025-09-23 13:41:53 INFO  Log:36 - User enters credentials
2025-09-23 13:41:55 INFO  Log:36 - Verify either user able to login
2025-09-23 13:41:55 INFO  Log:36 - login success
2025-09-23 13:41:55 INFO  Log:29 - =====================================Logintest TEST END=========================================
2025-09-23 13:53:58 INFO  Log:25 - =====================================login test TEST START=========================================
2025-09-23 13:53:58 INFO  Log:36 - User going to clic on sign in
2025-09-23 13:54:00 INFO  Log:36 - User enters credentials
2025-09-23 13:54:01 INFO  Log:36 - Verify either user able to login
2025-09-23 13:54:10 INFO  Log:25 - =====================================login test TEST START=========================================
2025-09-23 13:54:10 INFO  Log:36 - User going to clic on sign in
2025-09-23 13:54:11 INFO  Log:36 - User enters credentials
2025-09-23 13:54:13 INFO  Log:36 - Verify either user able to login
2025-09-23 13:54:13 INFO  Log:36 - login success
2025-09-23 13:54:13 INFO  Log:29 - =====================================Logintest TEST END=========================================
2025-09-23 14:03:06 INFO  Log:25 - =====================================login test TEST START=========================================
2025-09-23 14:03:06 INFO  Log:36 - User going to clic on sign in
2025-09-23 14:03:08 INFO  Log:25 - =====================================login test TEST START=========================================
2025-09-23 14:03:08 INFO  Log:36 - User going to clic on sign in
2025-09-23 14:09:20 INFO  Log:25 - =====================================login test TEST START=========================================
2025-09-23 14:09:20 INFO  Log:36 - User going to clic on sign in
2025-09-23 14:09:23 INFO  Log:36 - User enters credentials
2025-09-23 14:09:24 INFO  Log:36 - Verify either user able to login
2025-09-23 14:09:40 INFO  Log:25 - =====================================login test TEST START=========================================
2025-09-23 14:09:40 INFO  Log:36 - User going to clic on sign in
2025-09-23 14:09:42 INFO  Log:36 - User enters credentials
2025-09-23 14:09:44 INFO  Log:36 - Verify either user able to login
2025-09-23 14:09:44 INFO  Log:36 - login success
2025-09-23 14:09:44 INFO  Log:29 - =====================================Logintest TEST END=========================================
2025-09-23 14:40:19 INFO  Log:25 - =====================================login test TEST START=========================================
2025-09-23 14:40:19 INFO  Log:36 - User going to clic on sign in
2025-09-23 14:40:21 INFO  Log:36 - User enters credentials
2025-09-23 14:40:22 INFO  Log:36 - Verify either user able to login
2025-09-23 14:40:34 INFO  Log:25 - =====================================login test TEST START=========================================
2025-09-23 14:40:34 INFO  Log:36 - User going to clic on sign in
2025-09-23 14:40:36 INFO  Log:36 - User enters credentials
2025-09-23 14:40:38 INFO  Log:36 - Verify either user able to login
2025-09-23 14:40:38 INFO  Log:36 - login success
2025-09-23 14:40:38 INFO  Log:29 - =====================================Logintest TEST END=========================================
2025-09-23 14:50:01 INFO  Log:25 - =====================================login test TEST START=========================================
2025-09-23 14:50:01 INFO  Log:36 - User going to clic on sign in
2025-09-23 14:50:03 INFO  Log:36 - User enters credentials
2025-09-23 14:50:04 INFO  Log:36 - Verify either user able to login
2025-09-23 14:50:13 INFO  Log:25 - =====================================login test TEST START=========================================
2025-09-23 14:50:13 INFO  Log:36 - User going to clic on sign in
2025-09-23 14:50:15 INFO  Log:36 - User enters credentials
2025-09-23 14:50:17 INFO  Log:36 - Verify either user able to login
2025-09-23 14:50:17 INFO  Log:36 - login success
2025-09-23 14:50:17 INFO  Log:29 - =====================================Logintest TEST END=========================================
2025-09-23 14:57:43 INFO  Log:25 - =====================================login test TEST START=========================================
2025-09-23 14:57:43 INFO  Log:36 - User going to clic on sign in
2025-09-23 14:57:45 INFO  Log:36 - User enters credentials
2025-09-23 14:57:46 INFO  Log:36 - Verify either user able to login
2025-09-23 14:57:57 INFO  Log:25 - =====================================login test TEST START=========================================
2025-09-23 14:57:57 INFO  Log:36 - User going to clic on sign in
2025-09-23 14:57:58 INFO  Log:36 - User enters credentials
2025-09-23 14:58:00 INFO  Log:36 - Verify either user able to login
2025-09-23 14:58:00 INFO  Log:36 - login success
2025-09-23 14:58:00 INFO  Log:29 - =====================================Logintest TEST END=========================================
2025-09-23 14:58:12 INFO  Log:25 - =====================================login test TEST START=========================================
2025-09-23 14:58:12 INFO  Log:36 - User going to clic on sign in
2025-09-23 14:58:14 INFO  Log:36 - User enters credentials
2025-09-23 14:58:15 INFO  Log:36 - Verify either user able to login
2025-09-23 14:58:26 INFO  Log:25 - =====================================login test TEST START=========================================
2025-09-23 14:58:26 INFO  Log:36 - User going to clic on sign in
2025-09-23 14:58:28 INFO  Log:36 - User enters credentials
2025-09-23 14:58:29 INFO  Log:36 - Verify either user able to login
2025-09-23 14:58:29 INFO  Log:36 - login success
2025-09-23 14:58:29 INFO  Log:29 - =====================================Logintest TEST END=========================================
2025-09-23 15:07:19 INFO  Log:25 - =====================================login test TEST START=========================================
2025-09-23 15:07:19 INFO  Log:36 - User going to clic on sign in
2025-09-23 15:07:21 INFO  Log:36 - User enters credentials
2025-09-23 15:07:22 INFO  Log:25 - =====================================login test TEST START=========================================
2025-09-23 15:07:22 INFO  Log:36 - User going to clic on sign in
2025-09-23 15:07:22 INFO  Log:36 - Verify either user able to login
2025-09-23 15:07:24 INFO  Log:36 - User enters credentials
2025-09-23 15:07:25 INFO  Log:36 - Verify either user able to login
2025-09-23 15:07:31 INFO  Log:25 - =====================================login test TEST START=========================================
2025-09-23 15:07:31 INFO  Log:36 - User going to clic on sign in
2025-09-23 15:07:34 INFO  Log:36 - User enters credentials
2025-09-23 15:07:36 INFO  Log:36 - Verify either user able to login
2025-09-23 15:07:36 INFO  Log:36 - login success
2025-09-23 15:07:36 INFO  Log:29 - =====================================Logintest TEST END=========================================
2025-09-23 15:07:43 INFO  Log:25 - =====================================login test TEST START=========================================
2025-09-23 15:07:43 INFO  Log:36 - User going to clic on sign in
2025-09-23 15:07:45 INFO  Log:36 - User enters credentials
2025-09-23 15:07:47 INFO  Log:36 - Verify either user able to login
2025-09-23 15:07:47 INFO  Log:36 - login success
2025-09-23 15:07:47 INFO  Log:29 - =====================================Logintest TEST END=========================================
2025-09-23 15:09:30 INFO  Log:25 - =====================================login test TEST START=========================================
2025-09-23 15:09:30 INFO  Log:36 - User going to clic on sign in
2025-09-23 15:09:32 INFO  Log:36 - User enters credentials
2025-09-23 15:09:33 INFO  Log:36 - Verify either user able to login
2025-09-23 15:09:34 INFO  Log:25 - =====================================login test TEST START=========================================
2025-09-23 15:09:34 INFO  Log:36 - User going to clic on sign in
2025-09-23 15:09:36 INFO  Log:36 - User enters credentials
2025-09-23 15:09:37 INFO  Log:36 - Verify either user able to login
2025-09-23 15:09:42 INFO  Log:25 - =====================================login test TEST START=========================================
2025-09-23 15:09:42 INFO  Log:36 - User going to clic on sign in
2025-09-23 15:09:44 INFO  Log:36 - User enters credentials
2025-09-23 15:09:47 INFO  Log:36 - Verify either user able to login
2025-09-23 15:09:47 INFO  Log:36 - login success
2025-09-23 15:09:47 INFO  Log:29 - =====================================Logintest TEST END=========================================
2025-09-23 15:09:52 INFO  Log:25 - =====================================login test TEST START=========================================
2025-09-23 15:09:52 INFO  Log:36 - User going to clic on sign in
2025-09-23 15:09:53 INFO  Log:36 - User enters credentials
2025-09-23 15:09:55 INFO  Log:36 - Verify either user able to login
2025-09-23 15:09:55 INFO  Log:36 - login success
2025-09-23 15:09:55 INFO  Log:29 - =====================================Logintest TEST END=========================================
